2022/04/23 22:11:19 [emerg] 1#1: host not found in upstream "backend-php-dev" in /etc/nginx/conf.d/default.conf:17
2022/04/23 22:11:53 [emerg] 1#1: host not found in upstream "backend-php-dev" in /etc/nginx/conf.d/default.conf:17
2022/04/23 22:12:41 [notice] 1#1: using the "epoll" event method
2022/04/23 22:12:41 [notice] 1#1: nginx/1.20.2
2022/04/23 22:12:41 [notice] 1#1: built by gcc 10.3.1 20210424 (Alpine 10.3.1_git20210424) 
2022/04/23 22:12:41 [notice] 1#1: OS: Linux 5.10.104-linuxkit
2022/04/23 22:12:41 [notice] 1#1: getrlimit(RLIMIT_NOFILE): 1048576:1048576
2022/04/23 22:12:41 [notice] 1#1: start worker processes
2022/04/23 22:12:41 [notice] 1#1: start worker process 32
2022/04/23 22:12:41 [notice] 1#1: start worker process 33
2022/04/23 22:12:41 [notice] 1#1: start worker process 34
2022/04/23 22:12:41 [notice] 1#1: start worker process 35
2022/04/25 13:12:56 [notice] 1#1: signal 3 (SIGQUIT) received, shutting down
2022/04/25 13:12:56 [notice] 34#34: gracefully shutting down
2022/04/25 13:12:56 [notice] 35#35: gracefully shutting down
2022/04/25 13:12:56 [notice] 35#35: exiting
2022/04/25 13:12:56 [notice] 33#33: gracefully shutting down
2022/04/25 13:12:56 [notice] 32#32: gracefully shutting down
2022/04/25 13:12:56 [notice] 35#35: exit
2022/04/25 13:12:56 [notice] 33#33: exiting
2022/04/25 13:12:57 [notice] 32#32: exiting
2022/04/25 13:12:56 [notice] 33#33: exit
2022/04/25 13:12:57 [notice] 32#32: exit
2022/04/25 13:12:57 [notice] 1#1: signal 17 (SIGCHLD) received from 35
2022/04/25 13:12:57 [notice] 1#1: worker process 35 exited with code 0
2022/04/25 13:12:57 [notice] 34#34: exiting
2022/04/25 13:12:57 [notice] 34#34: exit
2022/04/25 13:12:57 [notice] 1#1: worker process 32 exited with code 0
2022/04/25 13:12:57 [notice] 1#1: worker process 33 exited with code 0
2022/04/25 13:12:58 [notice] 1#1: signal 29 (SIGIO) received
2022/04/25 13:12:58 [notice] 1#1: signal 17 (SIGCHLD) received from 33
2022/04/25 13:12:58 [notice] 1#1: worker process 34 exited with code 0
2022/04/25 13:12:58 [notice] 1#1: exit
2022/04/25 13:13:44 [notice] 1#1: using the "epoll" event method
2022/04/25 13:13:44 [notice] 1#1: nginx/1.20.2
2022/04/25 13:13:44 [notice] 1#1: built by gcc 10.3.1 20210424 (Alpine 10.3.1_git20210424) 
2022/04/25 13:13:44 [notice] 1#1: OS: Linux 5.10.104-linuxkit
2022/04/25 13:13:44 [notice] 1#1: getrlimit(RLIMIT_NOFILE): 1048576:1048576
2022/04/25 13:13:44 [notice] 1#1: start worker processes
2022/04/25 13:13:44 [notice] 1#1: start worker process 31
2022/04/25 13:13:44 [notice] 1#1: start worker process 32
2022/04/25 13:13:44 [notice] 1#1: start worker process 33
2022/04/25 13:13:44 [notice] 1#1: start worker process 34
2022/04/26 10:11:02 [notice] 1#1: using the "epoll" event method
2022/04/26 10:11:02 [notice] 1#1: nginx/1.20.2
2022/04/26 10:11:02 [notice] 1#1: built by gcc 10.3.1 20210424 (Alpine 10.3.1_git20210424) 
2022/04/26 10:11:02 [notice] 1#1: OS: Linux 5.10.104-linuxkit
2022/04/26 10:11:02 [notice] 1#1: getrlimit(RLIMIT_NOFILE): 1048576:1048576
2022/04/26 10:11:02 [notice] 1#1: start worker processes
2022/04/26 10:11:02 [notice] 1#1: start worker process 32
2022/04/26 10:11:02 [notice] 1#1: start worker process 33
2022/04/26 10:11:02 [notice] 1#1: start worker process 34
2022/04/26 10:11:02 [notice] 1#1: start worker process 35
